<?xml version="1.0" encoding="UTF-8"?>
<testng-results ignored="0" total="1" passed="1" failed="0" skipped="0">
  <reporter-output>
  </reporter-output>
  <suite started-at="2022-04-11T10:51:20 IST" name="Suite" finished-at="2022-04-11T10:51:29 IST" duration-ms="9424">
    <groups>
    </groups>
    <test started-at="2022-04-11T10:51:20 IST" name="Test1" finished-at="2022-04-11T10:51:29 IST" duration-ms="9424">
      <class name="mavenforjenkins.UITest">
        <test-method signature="startBrowser()[pri:0, instance:mavenforjenkins.UITest@68267da0]" started-at="2022-04-11T10:51:20 IST" name="startBrowser" finished-at="2022-04-11T10:51:29 IST" duration-ms="9370" status="PASS">
          <reporter-output>
          </reporter-output>
        </test-method> <!-- startBrowser -->
      </class> <!-- mavenforjenkins.UITest -->
    </test> <!-- Test1 -->
  </suite> <!-- Suite -->
</testng-results>
